\BOOKMARK [0][-]{chapter.1}{Intro\040and\040Setup}{}% 1
\BOOKMARK [0][-]{chapter.2}{Paste\040images\040here}{}% 2
\BOOKMARK [1][-]{section.2.1}{Data\040Details}{chapter.2}% 3
\BOOKMARK [0][-]{chapter.3}{Some\040Details\040about\040the\040Table}{}% 4
\BOOKMARK [0][-]{chapter.4}{Interpolation\040and\040Regularizers}{}% 5
\BOOKMARK [1][-]{section.4.1}{Background\040on\040FOV\040and\040k-space}{chapter.4}% 6
\BOOKMARK [1][-]{section.4.2}{Interpolation}{chapter.4}% 7
\BOOKMARK [2][-]{subsection.4.2.1}{include\040stuff\040about\040cublic\040splines?\040Get\040permission\040first}{section.4.2}% 8
\BOOKMARK [1][-]{section.4.3}{Regularization}{chapter.4}% 9
\BOOKMARK [0][-]{chapter.5}{Loss}{}% 10
\BOOKMARK [1][-]{section.5.1}{Data\040Term\040calculation}{chapter.5}% 11
\BOOKMARK [1][-]{section.5.2}{Furthermore\040into\040the\040data}{chapter.5}% 12
\BOOKMARK [2][-]{subsection.5.2.1}{Method\040One:\040Gain}{section.5.2}% 13
\BOOKMARK [2][-]{subsection.5.2.2}{Method\040Two:\040Cosher\040Phase}{section.5.2}% 14
\BOOKMARK [1][-]{section.5.3}{Testing\040the\040function}{chapter.5}% 15
\BOOKMARK [0][-]{chapter.6}{Gradient\040Calculations:\040Finite\040Differences}{}% 16
\BOOKMARK [1][-]{section.6.1}{\376\377\000G\000r\000a\000d\000i\000e\000n\000t\040\031\000s\000\040\000B\000a\000c\000k\000g\000r\000o\000u\000n\000d}{chapter.6}% 17
\BOOKMARK [1][-]{section.6.2}{Method\040one:\040Finite\040Differences\040Methods}{chapter.6}% 18
\BOOKMARK [2][-]{subsection.6.2.1}{The\040Function\040Implemented}{section.6.2}% 19
\BOOKMARK [2][-]{subsection.6.2.2}{Demo\040Walkthrough}{section.6.2}% 20
\BOOKMARK [1][-]{section.6.3}{Gradient\040Descent}{chapter.6}% 21
\BOOKMARK [0][-]{chapter.7}{\376\377\000G\000r\000a\000d\000i\000e\000n\000t\000\040\000C\000a\000l\000c\000u\000l\000a\000t\000i\000o\000n\000s\000:\000\040\040\034\000D\000i\000r\000t\000y\000i\000n\000g\040\035\000\040\000t\000h\000e\000\040\000I\000m\000a\000g\000e}{}% 22
\BOOKMARK [1][-]{section.7.1}{Method\040two:\040Dirtying\040the\040Image}{chapter.7}% 23
