\BOOKMARK [0][-]{chapter.1}{Intro\040and\040Setup\040Use\040Diff}{}% 1
\BOOKMARK [1][-]{section.1.1}{Data\040Details}{chapter.1}% 2
\BOOKMARK [1][-]{section.1.2}{Some\040Details\040about\040the\040Table}{chapter.1}% 3
\BOOKMARK [0][-]{chapter.2}{Interpolation\040and\040Regularizers}{}% 4
\BOOKMARK [1][-]{section.2.1}{Background\040on\040FOV\040and\040k-space}{chapter.2}% 5
\BOOKMARK [1][-]{section.2.2}{Interpolation}{chapter.2}% 6
\BOOKMARK [2][-]{subsection.2.2.1}{Cubic\040Splines}{section.2.2}% 7
\BOOKMARK [1][-]{section.2.3}{Regularization}{chapter.2}% 8
\BOOKMARK [0][-]{chapter.3}{Loss}{}% 9
\BOOKMARK [1][-]{section.3.1}{Data\040Term\040calculation}{chapter.3}% 10
\BOOKMARK [1][-]{section.3.2}{Furthermore\040into\040the\040data}{chapter.3}% 11
\BOOKMARK [2][-]{subsection.3.2.1}{Method\040One:\040Gain}{section.3.2}% 12
\BOOKMARK [2][-]{subsection.3.2.2}{Method\040Two:\040Closure\040Phase}{section.3.2}% 13
\BOOKMARK [1][-]{section.3.3}{Testing\040the\040function}{chapter.3}% 14
\BOOKMARK [0][-]{chapter.4}{Gradient\040Calculations:\040Finite\040Differences}{}% 15
\BOOKMARK [1][-]{section.4.1}{\376\377\000G\000r\000a\000d\000i\000e\000n\000t\040\031\000s\000\040\000B\000a\000c\000k\000g\000r\000o\000u\000n\000d}{chapter.4}% 16
\BOOKMARK [1][-]{section.4.2}{Method\040one:\040Finite\040Differences\040Methods}{chapter.4}% 17
\BOOKMARK [2][-]{subsection.4.2.1}{The\040Function\040Implemented}{section.4.2}% 18
\BOOKMARK [2][-]{subsection.4.2.2}{Demo\040Walkthrough}{section.4.2}% 19
\BOOKMARK [1][-]{section.4.3}{Gradient\040Descent}{chapter.4}% 20
\BOOKMARK [2][-]{subsection.4.3.1}{Running\040gradient\040on\040Real\040EHT\040Data}{section.4.3}% 21
\BOOKMARK [0][-]{chapter.5}{\376\377\000G\000r\000a\000d\000i\000e\000n\000t\000\040\000C\000a\000l\000c\000u\000l\000a\000t\000i\000o\000n\000s\000:\000\040\040\034\000D\000i\000r\000t\000y\000i\000n\000g\040\035\000\040\000t\000h\000e\000\040\000I\000m\000a\000g\000e}{}% 22
\BOOKMARK [1][-]{section.5.1}{Method\040two:\040Dirtying\040the\040Image}{chapter.5}% 23
\BOOKMARK [2][-]{subsection.5.1.1}{Continuing\040Further}{section.5.1}% 24
\BOOKMARK [0][-]{chapter.6}{Utility\040Appendix}{}% 25
